<?xml version="1.0" encoding="UTF-8"?>
<testng-results ignored="0" total="1" passed="1" failed="0" skipped="0">
  <reporter-output>
  </reporter-output>
  <suite started-at="2024-03-11T22:02:07 EDT" name="Default suite" finished-at="2024-03-11T22:02:11 EDT" duration-ms="4414">
    <groups>
    </groups>
    <test started-at="2024-03-11T22:02:07 EDT" name="Default test" finished-at="2024-03-11T22:02:11 EDT" duration-ms="4414">
      <class name="TestNG_Review.openingBrowserUsingBaseClassTesting">
        <test-method signature="loginTest()[pri:0, instance:TestNG_Review.openingBrowserUsingBaseClassTesting@771158fb]" started-at="2024-03-11T22:02:07 EDT" name="loginTest" finished-at="2024-03-11T22:02:11 EDT" duration-ms="3968" status="PASS">
          <reporter-output>
          </reporter-output>
        </test-method> <!-- loginTest -->
      </class> <!-- TestNG_Review.openingBrowserUsingBaseClassTesting -->
    </test> <!-- Default test -->
  </suite> <!-- Default suite -->
</testng-results>
